Symlinking /home/krish/catkin_ws/devel/share/movo_ros/docs/movoConfig.wikidoc
Symlinking /home/krish/catkin_ws/devel/share/movo_ros/docs/movoConfig-usage.dox
Symlinking /home/krish/catkin_ws/devel/share/movo_ros/docs/movoConfig.dox
Symlinking /home/krish/catkin_ws/devel/lib/movo_ros/movo_move_base
Symlinking /home/krish/catkin_ws/devel/lib/movo_ros/movo_teleop_full_system
Symlinking /home/krish/catkin_ws/devel/lib/movo_ros/movo_teleop
Symlinking /home/krish/catkin_ws/devel/lib/movo_ros/robotiq_85_driver
Symlinking /home/krish/catkin_ws/devel/lib/movo_ros/movo_torso_ctl
Symlinking /home/krish/catkin_ws/devel/lib/movo_ros/movo_driver
Symlinking /home/krish/catkin_ws/devel/lib/movo_ros/movo_config_eth
Symlinking /home/krish/catkin_ws/devel/lib/movo_ros/movo_marker_ctrl
Symlinking /home/krish/catkin_ws/devel/lib/movo_ros/movo_odom_test
Symlinking /home/krish/catkin_ws/devel/lib/movo_ros/movo_faultlog_parser
Symlinking /home/krish/catkin_ws/devel/lib/movo_ros/movo_head_ctl
Symlinking /home/krish/catkin_ws/devel/lib/movo_ros/movo_wd
Symlinking /home/krish/catkin_ws/devel/lib/movo_ros/movo_voice
Symlinking /home/krish/catkin_ws/devel/lib/movo_ros/movo_pan_tilt
Symlinking /home/krish/catkin_ws/devel/lib/movo_ros/movo_arm_ctl
Symlinking /home/krish/catkin_ws/devel/lib/python3/dist-packages/movo_ros/__init__.py
Symlinking /home/krish/catkin_ws/devel/lib/python3/dist-packages/movo_ros/cfg/__init__.py
Symlinking /home/krish/catkin_ws/devel/lib/python3/dist-packages/movo_ros/cfg/movoConfig.py
Symlinking /home/krish/catkin_ws/devel/lib/python3/dist-packages/movo_joint_interface/__init__.py
Symlinking /home/krish/catkin_ws/devel/lib/python3/dist-packages/movo_action_clients/__init__.py
Symlinking /home/krish/catkin_ws/devel/lib/python3/dist-packages/movo/__init__.py
Symlinking /home/krish/catkin_ws/devel/lib/python3/dist-packages/movo_jtas/__init__.py
Symlinking /home/krish/catkin_ws/devel/lib/python3/dist-packages/movo_gripper_interface/__init__.py
Symlinking /home/krish/catkin_ws/devel/include/movo_ros/movoConfig.h
