[35m[1mScanning dependencies of target _movo_msgs_generate_messages_check_deps_GripperStat[0m
[35m[1mScanning dependencies of target _movo_msgs_generate_messages_check_deps_PanTiltActuatorFdbk[0m
[35m[1mScanning dependencies of target _movo_msgs_generate_messages_check_deps_JacoStatus[0m
[35m[1mScanning dependencies of target geometry_msgs_generate_messages_lisp[0m
[35m[1mScanning dependencies of target _movo_msgs_generate_messages_check_deps_Configuration[0m
[35m[1mScanning dependencies of target _movo_msgs_generate_messages_check_deps_Status[0m
[35m[1mScanning dependencies of target _movo_msgs_generate_messages_check_deps_KinovaActuatorFdbk[0m
[35m[1mScanning dependencies of target _movo_msgs_generate_messages_check_deps_JacoCartesianVelocityCmd[0m
[  0%] Built target geometry_msgs_generate_messages_lisp
[35m[1mScanning dependencies of target _movo_msgs_generate_messages_check_deps_CtlParams[0m
[  0%] Built target _movo_msgs_generate_messages_check_deps_GripperStat
[  0%] Built target _movo_msgs_generate_messages_check_deps_PanTiltActuatorFdbk
[  0%] Built target _movo_msgs_generate_messages_check_deps_Configuration
[  0%] Built target _movo_msgs_generate_messages_check_deps_Status
[  0%] Built target _movo_msgs_generate_messages_check_deps_JacoStatus
[35m[1mScanning dependencies of target std_msgs_generate_messages_lisp[0m
[  0%] Built target _movo_msgs_generate_messages_check_deps_JacoCartesianVelocityCmd
[35m[1mScanning dependencies of target _movo_msgs_generate_messages_check_deps_GripperCmd[0m
[35m[1mScanning dependencies of target _movo_msgs_generate_messages_check_deps_PanTiltFdbk[0m
[35m[1mScanning dependencies of target _movo_msgs_generate_messages_check_deps_PVA[0m
[35m[1mScanning dependencies of target _movo_msgs_generate_messages_check_deps_Battery[0m
[  0%] Built target _movo_msgs_generate_messages_check_deps_KinovaActuatorFdbk
[35m[1mScanning dependencies of target _movo_msgs_generate_messages_check_deps_Dynamics[0m
[  0%] Built target std_msgs_generate_messages_lisp
[  0%] Built target _movo_msgs_generate_messages_check_deps_CtlParams
[35m[1mScanning dependencies of target _movo_msgs_generate_messages_check_deps_PanTiltCmd[0m
[35m[1mScanning dependencies of target _movo_msgs_generate_messages_check_deps_ConfigCmd[0m
[35m[1mScanning dependencies of target _movo_msgs_generate_messages_check_deps_Propulsion[0m
[  0%] Built target _movo_msgs_generate_messages_check_deps_GripperCmd
[  0%] Built target _movo_msgs_generate_messages_check_deps_PanTiltFdbk
[  0%] Built target _movo_msgs_generate_messages_check_deps_PVA
[  0%] Built target _movo_msgs_generate_messages_check_deps_Battery
[35m[1mScanning dependencies of target _movo_msgs_generate_messages_check_deps_MotionTestCmd[0m
[35m[1mScanning dependencies of target _movo_msgs_generate_messages_check_deps_Faultlog[0m
[  0%] Built target _movo_msgs_generate_messages_check_deps_Dynamics
[35m[1mScanning dependencies of target _movo_msgs_generate_messages_check_deps_JacoJointCmd[0m
[35m[1mScanning dependencies of target _movo_msgs_generate_messages_check_deps_LinearActuatorCmd[0m
[35m[1mScanning dependencies of target std_msgs_generate_messages_eus[0m
[  0%] Built target _movo_msgs_generate_messages_check_deps_PanTiltCmd
[  0%] Built target _movo_msgs_generate_messages_check_deps_ConfigCmd
[  0%] Built target _movo_msgs_generate_messages_check_deps_Propulsion
[  0%] Built target std_msgs_generate_messages_eus
[35m[1mScanning dependencies of target geometry_msgs_generate_messages_nodejs[0m
[35m[1mScanning dependencies of target geometry_msgs_generate_messages_eus[0m
[35m[1mScanning dependencies of target std_msgs_generate_messages_nodejs[0m
[35m[1mScanning dependencies of target std_msgs_generate_messages_cpp[0m
[  0%] Built target geometry_msgs_generate_messages_eus
[  0%] Built target geometry_msgs_generate_messages_nodejs
[  0%] Built target std_msgs_generate_messages_nodejs
[  0%] Built target std_msgs_generate_messages_cpp
[35m[1mScanning dependencies of target std_msgs_generate_messages_py[0m
[  0%] Built target _movo_msgs_generate_messages_check_deps_MotionTestCmd
[  0%] Built target _movo_msgs_generate_messages_check_deps_Faultlog
[35m[1mScanning dependencies of target geometry_msgs_generate_messages_cpp[0m
[35m[1mScanning dependencies of target geometry_msgs_generate_messages_py[0m
[  0%] Built target _movo_msgs_generate_messages_check_deps_JacoJointCmd
[  0%] Built target _movo_msgs_generate_messages_check_deps_LinearActuatorCmd
[  0%] Built target std_msgs_generate_messages_py
[  0%] Built target geometry_msgs_generate_messages_cpp
[  0%] Built target geometry_msgs_generate_messages_py
[35m[1mScanning dependencies of target movo_msgs_generate_messages_nodejs[0m
[35m[1mScanning dependencies of target movo_msgs_generate_messages_eus[0m
[35m[1mScanning dependencies of target movo_msgs_generate_messages_lisp[0m
[35m[1mScanning dependencies of target movo_msgs_generate_messages_cpp[0m
[35m[1mScanning dependencies of target movo_msgs_generate_messages_py[0m
[  1%] [34m[1mGenerating EusLisp code from movo_msgs/Status.msg[0m
[  2%] [34m[1mGenerating EusLisp code from movo_msgs/Battery.msg[0m
[  3%] [34m[1mGenerating EusLisp code from movo_msgs/ConfigCmd.msg[0m
[  4%] [34m[1mGenerating Javascript code from movo_msgs/ConfigCmd.msg[0m
[  5%] [34m[1mGenerating EusLisp code from movo_msgs/Propulsion.msg[0m
[  6%] [34m[1mGenerating Lisp code from movo_msgs/ConfigCmd.msg[0m
[  7%] [34m[1mGenerating C++ code from movo_msgs/ConfigCmd.msg[0m
[  8%] [34m[1mGenerating Python from MSG movo_msgs/ConfigCmd[0m
[ 10%] [34m[1mGenerating Lisp code from movo_msgs/Battery.msg[0m
[ 10%] [34m[1mGenerating Javascript code from movo_msgs/Battery.msg[0m
[ 11%] [34m[1mGenerating Lisp code from movo_msgs/Status.msg[0m
[ 12%] [34m[1mGenerating Lisp code from movo_msgs/Propulsion.msg[0m
[ 13%] [34m[1mGenerating Python from MSG movo_msgs/Battery[0m
[ 15%] [34m[1mGenerating EusLisp code from movo_msgs/Dynamics.msg[0m
[ 15%] [34m[1mGenerating EusLisp code from movo_msgs/Configuration.msg[0m
[ 16%] [34m[1mGenerating Javascript code from movo_msgs/Status.msg[0m
[ 17%] [34m[1mGenerating C++ code from movo_msgs/Battery.msg[0m
[ 18%] [34m[1mGenerating C++ code from movo_msgs/Status.msg[0m
[ 19%] [34m[1mGenerating Lisp code from movo_msgs/Dynamics.msg[0m
[ 20%] [34m[1mGenerating Lisp code from movo_msgs/Configuration.msg[0m
[ 21%] [34m[1mGenerating Javascript code from movo_msgs/Propulsion.msg[0m
[ 22%] [34m[1mGenerating Javascript code from movo_msgs/Dynamics.msg[0m
[ 23%] [34m[1mGenerating EusLisp code from movo_msgs/CtlParams.msg[0m
[ 24%] [34m[1mGenerating Javascript code from movo_msgs/Configuration.msg[0m
[ 24%] [34m[1mGenerating Lisp code from movo_msgs/CtlParams.msg[0m
[ 25%] [34m[1mGenerating EusLisp code from movo_msgs/Faultlog.msg[0m
[ 26%] [34m[1mGenerating Lisp code from movo_msgs/Faultlog.msg[0m
[ 27%] [34m[1mGenerating Python from MSG movo_msgs/Status[0m
[ 27%] [34m[1mGenerating C++ code from movo_msgs/Propulsion.msg[0m
[ 29%] [34m[1mGenerating Javascript code from movo_msgs/CtlParams.msg[0m
[ 30%] [34m[1mGenerating Javascript code from movo_msgs/Faultlog.msg[0m
[ 31%] [34m[1mGenerating C++ code from movo_msgs/Dynamics.msg[0m
[ 31%] [34m[1mGenerating Javascript code from movo_msgs/JacoJointCmd.msg[0m
[ 32%] [34m[1mGenerating Lisp code from movo_msgs/JacoJointCmd.msg[0m
[ 33%] [34m[1mGenerating Python from MSG movo_msgs/Propulsion[0m
[ 34%] [34m[1mGenerating EusLisp code from movo_msgs/JacoJointCmd.msg[0m
[ 35%] [34m[1mGenerating EusLisp code from movo_msgs/JacoStatus.msg[0m
[ 36%] [34m[1mGenerating Lisp code from movo_msgs/JacoStatus.msg[0m
[ 37%] [34m[1mGenerating Javascript code from movo_msgs/JacoStatus.msg[0m
[ 38%] [34m[1mGenerating Lisp code from movo_msgs/GripperCmd.msg[0m
[ 39%] [34m[1mGenerating Javascript code from movo_msgs/GripperCmd.msg[0m
[ 40%] [34m[1mGenerating Lisp code from movo_msgs/GripperStat.msg[0m
[ 41%] [34m[1mGenerating Lisp code from movo_msgs/JacoCartesianVelocityCmd.msg[0m
[ 43%] [34m[1mGenerating Lisp code from movo_msgs/LinearActuatorCmd.msg[0m
[ 44%] [34m[1mGenerating EusLisp code from movo_msgs/GripperCmd.msg[0m
[ 45%] [34m[1mGenerating Python from MSG movo_msgs/Dynamics[0m
[ 46%] [34m[1mGenerating C++ code from movo_msgs/Configuration.msg[0m
[ 47%] [34m[1mGenerating Javascript code from movo_msgs/GripperStat.msg[0m
[ 48%] [34m[1mGenerating C++ code from movo_msgs/CtlParams.msg[0m
[ 49%] [34m[1mGenerating EusLisp code from movo_msgs/GripperStat.msg[0m
[ 50%] [34m[1mGenerating EusLisp code from movo_msgs/LinearActuatorCmd.msg[0m
[ 51%] [34m[1mGenerating Lisp code from movo_msgs/MotionTestCmd.msg[0m
[ 52%] [34m[1mGenerating Javascript code from movo_msgs/LinearActuatorCmd.msg[0m
[ 53%] [34m[1mGenerating EusLisp code from movo_msgs/JacoCartesianVelocityCmd.msg[0m
[ 54%] [34m[1mGenerating Lisp code from movo_msgs/KinovaActuatorFdbk.msg[0m
[ 55%] [34m[1mGenerating Lisp code from movo_msgs/PanTiltActuatorFdbk.msg[0m
[ 58%] [34m[1mGenerating Python from MSG movo_msgs/CtlParams[0m
[ 56%] [34m[1mGenerating Python from MSG movo_msgs/Configuration[0m
[ 59%] [34m[1mGenerating Javascript code from movo_msgs/JacoCartesianVelocityCmd.msg[0m
[ 60%] [34m[1mGenerating Python from MSG movo_msgs/Faultlog[0m
[ 60%] [34m[1mGenerating Lisp code from movo_msgs/PVA.msg[0m
[ 61%] [34m[1mGenerating Javascript code from movo_msgs/MotionTestCmd.msg[0m
[ 62%] [34m[1mGenerating EusLisp code from movo_msgs/MotionTestCmd.msg[0m
[ 63%] [34m[1mGenerating C++ code from movo_msgs/Faultlog.msg[0m
[ 64%] [34m[1mGenerating EusLisp code from movo_msgs/KinovaActuatorFdbk.msg[0m
[ 65%] [34m[1mGenerating Lisp code from movo_msgs/PanTiltCmd.msg[0m
[ 66%] [34m[1mGenerating Lisp code from movo_msgs/PanTiltFdbk.msg[0m
[ 67%] [34m[1mGenerating Javascript code from movo_msgs/KinovaActuatorFdbk.msg[0m
[ 68%] [34m[1mGenerating C++ code from movo_msgs/JacoJointCmd.msg[0m
[ 69%] [34m[1mGenerating C++ code from movo_msgs/JacoStatus.msg[0m
[ 69%] Built target movo_msgs_generate_messages_lisp
[ 70%] [34m[1mGenerating Javascript code from movo_msgs/PanTiltActuatorFdbk.msg[0m
[ 70%] [34m[1mGenerating EusLisp code from movo_msgs/PanTiltActuatorFdbk.msg[0m
[ 72%] [34m[1mGenerating C++ code from movo_msgs/GripperCmd.msg[0m
[ 73%] [34m[1mGenerating Python from MSG movo_msgs/JacoJointCmd[0m
[ 74%] [34m[1mGenerating Javascript code from movo_msgs/PVA.msg[0m
[ 75%] [34m[1mGenerating Python from MSG movo_msgs/JacoStatus[0m
[ 76%] [34m[1mGenerating Javascript code from movo_msgs/PanTiltCmd.msg[0m
[ 76%] [34m[1mGenerating Javascript code from movo_msgs/PanTiltFdbk.msg[0m
[ 77%] [34m[1mGenerating EusLisp code from movo_msgs/PVA.msg[0m
[ 78%] [34m[1mGenerating C++ code from movo_msgs/GripperStat.msg[0m
[ 80%] [34m[1mGenerating EusLisp code from movo_msgs/PanTiltCmd.msg[0m
[ 80%] [34m[1mGenerating C++ code from movo_msgs/LinearActuatorCmd.msg[0m
[ 81%] [34m[1mGenerating C++ code from movo_msgs/JacoCartesianVelocityCmd.msg[0m
[ 81%] Built target movo_msgs_generate_messages_nodejs
[ 81%] [34m[1mGenerating C++ code from movo_msgs/MotionTestCmd.msg[0m
[ 82%] [34m[1mGenerating EusLisp code from movo_msgs/PanTiltFdbk.msg[0m
[ 82%] [34m[1mGenerating Python from MSG movo_msgs/GripperCmd[0m
[ 83%] [34m[1mGenerating C++ code from movo_msgs/KinovaActuatorFdbk.msg[0m
[ 84%] [34m[1mGenerating C++ code from movo_msgs/PanTiltActuatorFdbk.msg[0m
[ 86%] [34m[1mGenerating C++ code from movo_msgs/PanTiltCmd.msg[0m
[ 87%] [34m[1mGenerating C++ code from movo_msgs/PVA.msg[0m
[ 88%] [34m[1mGenerating C++ code from movo_msgs/PanTiltFdbk.msg[0m
[ 89%] [34m[1mGenerating EusLisp manifest code for movo_msgs[0m
[ 90%] [34m[1mGenerating Python from MSG movo_msgs/GripperStat[0m
[ 91%] [34m[1mGenerating Python from MSG movo_msgs/LinearActuatorCmd[0m
[ 92%] [34m[1mGenerating Python from MSG movo_msgs/JacoCartesianVelocityCmd[0m
[ 92%] Built target movo_msgs_generate_messages_cpp
[ 93%] [34m[1mGenerating Python from MSG movo_msgs/MotionTestCmd[0m
[ 94%] [34m[1mGenerating Python from MSG movo_msgs/KinovaActuatorFdbk[0m
[ 95%] [34m[1mGenerating Python from MSG movo_msgs/PanTiltActuatorFdbk[0m
[ 96%] [34m[1mGenerating Python from MSG movo_msgs/PVA[0m
[ 97%] [34m[1mGenerating Python from MSG movo_msgs/PanTiltCmd[0m
[ 98%] [34m[1mGenerating Python from MSG movo_msgs/PanTiltFdbk[0m
[100%] [34m[1mGenerating Python msg __init__.py for movo_msgs[0m
[100%] Built target movo_msgs_generate_messages_eus
[100%] Built target movo_msgs_generate_messages_py
[35m[1mScanning dependencies of target movo_msgs_generate_messages[0m
[100%] Built target movo_msgs_generate_messages
