Linked: (/home/krish/catkin_ws/devel/.private/movo_msgs/share/movo_msgs/cmake/movo_msgs-msg-paths.cmake, /home/krish/catkin_ws/devel/share/movo_msgs/cmake/movo_msgs-msg-paths.cmake)
Linked: (/home/krish/catkin_ws/devel/.private/movo_msgs/share/movo_msgs/cmake/movo_msgsConfig.cmake, /home/krish/catkin_ws/devel/share/movo_msgs/cmake/movo_msgsConfig.cmake)
Linked: (/home/krish/catkin_ws/devel/.private/movo_msgs/share/movo_msgs/cmake/movo_msgs-msg-extras.cmake, /home/krish/catkin_ws/devel/share/movo_msgs/cmake/movo_msgs-msg-extras.cmake)
Linked: (/home/krish/catkin_ws/devel/.private/movo_msgs/share/movo_msgs/cmake/movo_msgsConfig-version.cmake, /home/krish/catkin_ws/devel/share/movo_msgs/cmake/movo_msgsConfig-version.cmake)
Linked: (/home/krish/catkin_ws/devel/.private/movo_msgs/share/gennodejs/ros/movo_msgs/_index.js, /home/krish/catkin_ws/devel/share/gennodejs/ros/movo_msgs/_index.js)
Linked: (/home/krish/catkin_ws/devel/.private/movo_msgs/share/gennodejs/ros/movo_msgs/msg/GripperStat.js, /home/krish/catkin_ws/devel/share/gennodejs/ros/movo_msgs/msg/GripperStat.js)
Linked: (/home/krish/catkin_ws/devel/.private/movo_msgs/share/gennodejs/ros/movo_msgs/msg/MotionTestCmd.js, /home/krish/catkin_ws/devel/share/gennodejs/ros/movo_msgs/msg/MotionTestCmd.js)
Linked: (/home/krish/catkin_ws/devel/.private/movo_msgs/share/gennodejs/ros/movo_msgs/msg/ConfigCmd.js, /home/krish/catkin_ws/devel/share/gennodejs/ros/movo_msgs/msg/ConfigCmd.js)
Linked: (/home/krish/catkin_ws/devel/.private/movo_msgs/share/gennodejs/ros/movo_msgs/msg/LinearActuatorCmd.js, /home/krish/catkin_ws/devel/share/gennodejs/ros/movo_msgs/msg/LinearActuatorCmd.js)
Linked: (/home/krish/catkin_ws/devel/.private/movo_msgs/share/gennodejs/ros/movo_msgs/msg/Battery.js, /home/krish/catkin_ws/devel/share/gennodejs/ros/movo_msgs/msg/Battery.js)
Linked: (/home/krish/catkin_ws/devel/.private/movo_msgs/share/gennodejs/ros/movo_msgs/msg/Faultlog.js, /home/krish/catkin_ws/devel/share/gennodejs/ros/movo_msgs/msg/Faultlog.js)
Linked: (/home/krish/catkin_ws/devel/.private/movo_msgs/share/gennodejs/ros/movo_msgs/msg/Propulsion.js, /home/krish/catkin_ws/devel/share/gennodejs/ros/movo_msgs/msg/Propulsion.js)
Linked: (/home/krish/catkin_ws/devel/.private/movo_msgs/share/gennodejs/ros/movo_msgs/msg/JacoStatus.js, /home/krish/catkin_ws/devel/share/gennodejs/ros/movo_msgs/msg/JacoStatus.js)
Linked: (/home/krish/catkin_ws/devel/.private/movo_msgs/share/gennodejs/ros/movo_msgs/msg/CtlParams.js, /home/krish/catkin_ws/devel/share/gennodejs/ros/movo_msgs/msg/CtlParams.js)
Linked: (/home/krish/catkin_ws/devel/.private/movo_msgs/share/gennodejs/ros/movo_msgs/msg/Configuration.js, /home/krish/catkin_ws/devel/share/gennodejs/ros/movo_msgs/msg/Configuration.js)
Linked: (/home/krish/catkin_ws/devel/.private/movo_msgs/share/gennodejs/ros/movo_msgs/msg/PanTiltActuatorFdbk.js, /home/krish/catkin_ws/devel/share/gennodejs/ros/movo_msgs/msg/PanTiltActuatorFdbk.js)
Linked: (/home/krish/catkin_ws/devel/.private/movo_msgs/share/gennodejs/ros/movo_msgs/msg/PVA.js, /home/krish/catkin_ws/devel/share/gennodejs/ros/movo_msgs/msg/PVA.js)
Linked: (/home/krish/catkin_ws/devel/.private/movo_msgs/share/gennodejs/ros/movo_msgs/msg/Dynamics.js, /home/krish/catkin_ws/devel/share/gennodejs/ros/movo_msgs/msg/Dynamics.js)
Linked: (/home/krish/catkin_ws/devel/.private/movo_msgs/share/gennodejs/ros/movo_msgs/msg/GripperCmd.js, /home/krish/catkin_ws/devel/share/gennodejs/ros/movo_msgs/msg/GripperCmd.js)
Linked: (/home/krish/catkin_ws/devel/.private/movo_msgs/share/gennodejs/ros/movo_msgs/msg/Status.js, /home/krish/catkin_ws/devel/share/gennodejs/ros/movo_msgs/msg/Status.js)
Linked: (/home/krish/catkin_ws/devel/.private/movo_msgs/share/gennodejs/ros/movo_msgs/msg/JacoCartesianVelocityCmd.js, /home/krish/catkin_ws/devel/share/gennodejs/ros/movo_msgs/msg/JacoCartesianVelocityCmd.js)
Linked: (/home/krish/catkin_ws/devel/.private/movo_msgs/share/gennodejs/ros/movo_msgs/msg/KinovaActuatorFdbk.js, /home/krish/catkin_ws/devel/share/gennodejs/ros/movo_msgs/msg/KinovaActuatorFdbk.js)
Linked: (/home/krish/catkin_ws/devel/.private/movo_msgs/share/gennodejs/ros/movo_msgs/msg/_index.js, /home/krish/catkin_ws/devel/share/gennodejs/ros/movo_msgs/msg/_index.js)
Linked: (/home/krish/catkin_ws/devel/.private/movo_msgs/share/gennodejs/ros/movo_msgs/msg/PanTiltFdbk.js, /home/krish/catkin_ws/devel/share/gennodejs/ros/movo_msgs/msg/PanTiltFdbk.js)
Linked: (/home/krish/catkin_ws/devel/.private/movo_msgs/share/gennodejs/ros/movo_msgs/msg/JacoJointCmd.js, /home/krish/catkin_ws/devel/share/gennodejs/ros/movo_msgs/msg/JacoJointCmd.js)
Linked: (/home/krish/catkin_ws/devel/.private/movo_msgs/share/gennodejs/ros/movo_msgs/msg/PanTiltCmd.js, /home/krish/catkin_ws/devel/share/gennodejs/ros/movo_msgs/msg/PanTiltCmd.js)
Linked: (/home/krish/catkin_ws/devel/.private/movo_msgs/share/common-lisp/ros/movo_msgs/msg/_package_JacoJointCmd.lisp, /home/krish/catkin_ws/devel/share/common-lisp/ros/movo_msgs/msg/_package_JacoJointCmd.lisp)
Linked: (/home/krish/catkin_ws/devel/.private/movo_msgs/share/common-lisp/ros/movo_msgs/msg/PanTiltFdbk.lisp, /home/krish/catkin_ws/devel/share/common-lisp/ros/movo_msgs/msg/PanTiltFdbk.lisp)
Linked: (/home/krish/catkin_ws/devel/.private/movo_msgs/share/common-lisp/ros/movo_msgs/msg/_package_PVA.lisp, /home/krish/catkin_ws/devel/share/common-lisp/ros/movo_msgs/msg/_package_PVA.lisp)
Linked: (/home/krish/catkin_ws/devel/.private/movo_msgs/share/common-lisp/ros/movo_msgs/msg/_package_Configuration.lisp, /home/krish/catkin_ws/devel/share/common-lisp/ros/movo_msgs/msg/_package_Configuration.lisp)
Linked: (/home/krish/catkin_ws/devel/.private/movo_msgs/share/common-lisp/ros/movo_msgs/msg/Configuration.lisp, /home/krish/catkin_ws/devel/share/common-lisp/ros/movo_msgs/msg/Configuration.lisp)
Linked: (/home/krish/catkin_ws/devel/.private/movo_msgs/share/common-lisp/ros/movo_msgs/msg/_package_Propulsion.lisp, /home/krish/catkin_ws/devel/share/common-lisp/ros/movo_msgs/msg/_package_Propulsion.lisp)
Linked: (/home/krish/catkin_ws/devel/.private/movo_msgs/share/common-lisp/ros/movo_msgs/msg/_package_ConfigCmd.lisp, /home/krish/catkin_ws/devel/share/common-lisp/ros/movo_msgs/msg/_package_ConfigCmd.lisp)
Linked: (/home/krish/catkin_ws/devel/.private/movo_msgs/share/common-lisp/ros/movo_msgs/msg/MotionTestCmd.lisp, /home/krish/catkin_ws/devel/share/common-lisp/ros/movo_msgs/msg/MotionTestCmd.lisp)
Linked: (/home/krish/catkin_ws/devel/.private/movo_msgs/share/common-lisp/ros/movo_msgs/msg/GripperStat.lisp, /home/krish/catkin_ws/devel/share/common-lisp/ros/movo_msgs/msg/GripperStat.lisp)
Linked: (/home/krish/catkin_ws/devel/.private/movo_msgs/share/common-lisp/ros/movo_msgs/msg/movo_msgs-msg.asd, /home/krish/catkin_ws/devel/share/common-lisp/ros/movo_msgs/msg/movo_msgs-msg.asd)
Linked: (/home/krish/catkin_ws/devel/.private/movo_msgs/share/common-lisp/ros/movo_msgs/msg/_package_Faultlog.lisp, /home/krish/catkin_ws/devel/share/common-lisp/ros/movo_msgs/msg/_package_Faultlog.lisp)
Linked: (/home/krish/catkin_ws/devel/.private/movo_msgs/share/common-lisp/ros/movo_msgs/msg/_package_CtlParams.lisp, /home/krish/catkin_ws/devel/share/common-lisp/ros/movo_msgs/msg/_package_CtlParams.lisp)
Linked: (/home/krish/catkin_ws/devel/.private/movo_msgs/share/common-lisp/ros/movo_msgs/msg/JacoCartesianVelocityCmd.lisp, /home/krish/catkin_ws/devel/share/common-lisp/ros/movo_msgs/msg/JacoCartesianVelocityCmd.lisp)
Linked: (/home/krish/catkin_ws/devel/.private/movo_msgs/share/common-lisp/ros/movo_msgs/msg/_package_Dynamics.lisp, /home/krish/catkin_ws/devel/share/common-lisp/ros/movo_msgs/msg/_package_Dynamics.lisp)
Linked: (/home/krish/catkin_ws/devel/.private/movo_msgs/share/common-lisp/ros/movo_msgs/msg/Status.lisp, /home/krish/catkin_ws/devel/share/common-lisp/ros/movo_msgs/msg/Status.lisp)
Linked: (/home/krish/catkin_ws/devel/.private/movo_msgs/share/common-lisp/ros/movo_msgs/msg/ConfigCmd.lisp, /home/krish/catkin_ws/devel/share/common-lisp/ros/movo_msgs/msg/ConfigCmd.lisp)
Linked: (/home/krish/catkin_ws/devel/.private/movo_msgs/share/common-lisp/ros/movo_msgs/msg/Faultlog.lisp, /home/krish/catkin_ws/devel/share/common-lisp/ros/movo_msgs/msg/Faultlog.lisp)
Linked: (/home/krish/catkin_ws/devel/.private/movo_msgs/share/common-lisp/ros/movo_msgs/msg/_package_GripperStat.lisp, /home/krish/catkin_ws/devel/share/common-lisp/ros/movo_msgs/msg/_package_GripperStat.lisp)
Linked: (/home/krish/catkin_ws/devel/.private/movo_msgs/share/common-lisp/ros/movo_msgs/msg/_package_GripperCmd.lisp, /home/krish/catkin_ws/devel/share/common-lisp/ros/movo_msgs/msg/_package_GripperCmd.lisp)
Linked: (/home/krish/catkin_ws/devel/.private/movo_msgs/share/common-lisp/ros/movo_msgs/msg/PVA.lisp, /home/krish/catkin_ws/devel/share/common-lisp/ros/movo_msgs/msg/PVA.lisp)
Linked: (/home/krish/catkin_ws/devel/.private/movo_msgs/share/common-lisp/ros/movo_msgs/msg/KinovaActuatorFdbk.lisp, /home/krish/catkin_ws/devel/share/common-lisp/ros/movo_msgs/msg/KinovaActuatorFdbk.lisp)
Linked: (/home/krish/catkin_ws/devel/.private/movo_msgs/share/common-lisp/ros/movo_msgs/msg/_package_MotionTestCmd.lisp, /home/krish/catkin_ws/devel/share/common-lisp/ros/movo_msgs/msg/_package_MotionTestCmd.lisp)
Linked: (/home/krish/catkin_ws/devel/.private/movo_msgs/share/common-lisp/ros/movo_msgs/msg/_package_LinearActuatorCmd.lisp, /home/krish/catkin_ws/devel/share/common-lisp/ros/movo_msgs/msg/_package_LinearActuatorCmd.lisp)
Linked: (/home/krish/catkin_ws/devel/.private/movo_msgs/share/common-lisp/ros/movo_msgs/msg/_package_PanTiltActuatorFdbk.lisp, /home/krish/catkin_ws/devel/share/common-lisp/ros/movo_msgs/msg/_package_PanTiltActuatorFdbk.lisp)
Linked: (/home/krish/catkin_ws/devel/.private/movo_msgs/share/common-lisp/ros/movo_msgs/msg/_package_KinovaActuatorFdbk.lisp, /home/krish/catkin_ws/devel/share/common-lisp/ros/movo_msgs/msg/_package_KinovaActuatorFdbk.lisp)
Linked: (/home/krish/catkin_ws/devel/.private/movo_msgs/share/common-lisp/ros/movo_msgs/msg/CtlParams.lisp, /home/krish/catkin_ws/devel/share/common-lisp/ros/movo_msgs/msg/CtlParams.lisp)
Linked: (/home/krish/catkin_ws/devel/.private/movo_msgs/share/common-lisp/ros/movo_msgs/msg/PanTiltActuatorFdbk.lisp, /home/krish/catkin_ws/devel/share/common-lisp/ros/movo_msgs/msg/PanTiltActuatorFdbk.lisp)
Linked: (/home/krish/catkin_ws/devel/.private/movo_msgs/share/common-lisp/ros/movo_msgs/msg/Propulsion.lisp, /home/krish/catkin_ws/devel/share/common-lisp/ros/movo_msgs/msg/Propulsion.lisp)
Linked: (/home/krish/catkin_ws/devel/.private/movo_msgs/share/common-lisp/ros/movo_msgs/msg/_package_Battery.lisp, /home/krish/catkin_ws/devel/share/common-lisp/ros/movo_msgs/msg/_package_Battery.lisp)
Linked: (/home/krish/catkin_ws/devel/.private/movo_msgs/share/common-lisp/ros/movo_msgs/msg/PanTiltCmd.lisp, /home/krish/catkin_ws/devel/share/common-lisp/ros/movo_msgs/msg/PanTiltCmd.lisp)
Linked: (/home/krish/catkin_ws/devel/.private/movo_msgs/share/common-lisp/ros/movo_msgs/msg/_package_PanTiltCmd.lisp, /home/krish/catkin_ws/devel/share/common-lisp/ros/movo_msgs/msg/_package_PanTiltCmd.lisp)
Linked: (/home/krish/catkin_ws/devel/.private/movo_msgs/share/common-lisp/ros/movo_msgs/msg/Dynamics.lisp, /home/krish/catkin_ws/devel/share/common-lisp/ros/movo_msgs/msg/Dynamics.lisp)
Linked: (/home/krish/catkin_ws/devel/.private/movo_msgs/share/common-lisp/ros/movo_msgs/msg/Battery.lisp, /home/krish/catkin_ws/devel/share/common-lisp/ros/movo_msgs/msg/Battery.lisp)
Linked: (/home/krish/catkin_ws/devel/.private/movo_msgs/share/common-lisp/ros/movo_msgs/msg/JacoJointCmd.lisp, /home/krish/catkin_ws/devel/share/common-lisp/ros/movo_msgs/msg/JacoJointCmd.lisp)
Linked: (/home/krish/catkin_ws/devel/.private/movo_msgs/share/common-lisp/ros/movo_msgs/msg/_package_JacoStatus.lisp, /home/krish/catkin_ws/devel/share/common-lisp/ros/movo_msgs/msg/_package_JacoStatus.lisp)
Linked: (/home/krish/catkin_ws/devel/.private/movo_msgs/share/common-lisp/ros/movo_msgs/msg/_package_PanTiltFdbk.lisp, /home/krish/catkin_ws/devel/share/common-lisp/ros/movo_msgs/msg/_package_PanTiltFdbk.lisp)
Linked: (/home/krish/catkin_ws/devel/.private/movo_msgs/share/common-lisp/ros/movo_msgs/msg/_package_Status.lisp, /home/krish/catkin_ws/devel/share/common-lisp/ros/movo_msgs/msg/_package_Status.lisp)
Linked: (/home/krish/catkin_ws/devel/.private/movo_msgs/share/common-lisp/ros/movo_msgs/msg/_package.lisp, /home/krish/catkin_ws/devel/share/common-lisp/ros/movo_msgs/msg/_package.lisp)
Linked: (/home/krish/catkin_ws/devel/.private/movo_msgs/share/common-lisp/ros/movo_msgs/msg/JacoStatus.lisp, /home/krish/catkin_ws/devel/share/common-lisp/ros/movo_msgs/msg/JacoStatus.lisp)
Linked: (/home/krish/catkin_ws/devel/.private/movo_msgs/share/common-lisp/ros/movo_msgs/msg/LinearActuatorCmd.lisp, /home/krish/catkin_ws/devel/share/common-lisp/ros/movo_msgs/msg/LinearActuatorCmd.lisp)
Linked: (/home/krish/catkin_ws/devel/.private/movo_msgs/share/common-lisp/ros/movo_msgs/msg/GripperCmd.lisp, /home/krish/catkin_ws/devel/share/common-lisp/ros/movo_msgs/msg/GripperCmd.lisp)
Linked: (/home/krish/catkin_ws/devel/.private/movo_msgs/share/common-lisp/ros/movo_msgs/msg/_package_JacoCartesianVelocityCmd.lisp, /home/krish/catkin_ws/devel/share/common-lisp/ros/movo_msgs/msg/_package_JacoCartesianVelocityCmd.lisp)
Linked: (/home/krish/catkin_ws/devel/.private/movo_msgs/share/roseus/ros/movo_msgs/manifest.l, /home/krish/catkin_ws/devel/share/roseus/ros/movo_msgs/manifest.l)
Linked: (/home/krish/catkin_ws/devel/.private/movo_msgs/share/roseus/ros/movo_msgs/msg/PanTiltCmd.l, /home/krish/catkin_ws/devel/share/roseus/ros/movo_msgs/msg/PanTiltCmd.l)
Linked: (/home/krish/catkin_ws/devel/.private/movo_msgs/share/roseus/ros/movo_msgs/msg/Battery.l, /home/krish/catkin_ws/devel/share/roseus/ros/movo_msgs/msg/Battery.l)
Linked: (/home/krish/catkin_ws/devel/.private/movo_msgs/share/roseus/ros/movo_msgs/msg/CtlParams.l, /home/krish/catkin_ws/devel/share/roseus/ros/movo_msgs/msg/CtlParams.l)
Linked: (/home/krish/catkin_ws/devel/.private/movo_msgs/share/roseus/ros/movo_msgs/msg/PVA.l, /home/krish/catkin_ws/devel/share/roseus/ros/movo_msgs/msg/PVA.l)
Linked: (/home/krish/catkin_ws/devel/.private/movo_msgs/share/roseus/ros/movo_msgs/msg/Dynamics.l, /home/krish/catkin_ws/devel/share/roseus/ros/movo_msgs/msg/Dynamics.l)
Linked: (/home/krish/catkin_ws/devel/.private/movo_msgs/share/roseus/ros/movo_msgs/msg/ConfigCmd.l, /home/krish/catkin_ws/devel/share/roseus/ros/movo_msgs/msg/ConfigCmd.l)
Linked: (/home/krish/catkin_ws/devel/.private/movo_msgs/share/roseus/ros/movo_msgs/msg/Faultlog.l, /home/krish/catkin_ws/devel/share/roseus/ros/movo_msgs/msg/Faultlog.l)
Linked: (/home/krish/catkin_ws/devel/.private/movo_msgs/share/roseus/ros/movo_msgs/msg/KinovaActuatorFdbk.l, /home/krish/catkin_ws/devel/share/roseus/ros/movo_msgs/msg/KinovaActuatorFdbk.l)
Linked: (/home/krish/catkin_ws/devel/.private/movo_msgs/share/roseus/ros/movo_msgs/msg/PanTiltFdbk.l, /home/krish/catkin_ws/devel/share/roseus/ros/movo_msgs/msg/PanTiltFdbk.l)
Linked: (/home/krish/catkin_ws/devel/.private/movo_msgs/share/roseus/ros/movo_msgs/msg/Status.l, /home/krish/catkin_ws/devel/share/roseus/ros/movo_msgs/msg/Status.l)
Linked: (/home/krish/catkin_ws/devel/.private/movo_msgs/share/roseus/ros/movo_msgs/msg/GripperCmd.l, /home/krish/catkin_ws/devel/share/roseus/ros/movo_msgs/msg/GripperCmd.l)
Linked: (/home/krish/catkin_ws/devel/.private/movo_msgs/share/roseus/ros/movo_msgs/msg/JacoStatus.l, /home/krish/catkin_ws/devel/share/roseus/ros/movo_msgs/msg/JacoStatus.l)
Linked: (/home/krish/catkin_ws/devel/.private/movo_msgs/share/roseus/ros/movo_msgs/msg/LinearActuatorCmd.l, /home/krish/catkin_ws/devel/share/roseus/ros/movo_msgs/msg/LinearActuatorCmd.l)
Linked: (/home/krish/catkin_ws/devel/.private/movo_msgs/share/roseus/ros/movo_msgs/msg/MotionTestCmd.l, /home/krish/catkin_ws/devel/share/roseus/ros/movo_msgs/msg/MotionTestCmd.l)
Linked: (/home/krish/catkin_ws/devel/.private/movo_msgs/share/roseus/ros/movo_msgs/msg/JacoJointCmd.l, /home/krish/catkin_ws/devel/share/roseus/ros/movo_msgs/msg/JacoJointCmd.l)
Linked: (/home/krish/catkin_ws/devel/.private/movo_msgs/share/roseus/ros/movo_msgs/msg/JacoCartesianVelocityCmd.l, /home/krish/catkin_ws/devel/share/roseus/ros/movo_msgs/msg/JacoCartesianVelocityCmd.l)
Linked: (/home/krish/catkin_ws/devel/.private/movo_msgs/share/roseus/ros/movo_msgs/msg/PanTiltActuatorFdbk.l, /home/krish/catkin_ws/devel/share/roseus/ros/movo_msgs/msg/PanTiltActuatorFdbk.l)
Linked: (/home/krish/catkin_ws/devel/.private/movo_msgs/share/roseus/ros/movo_msgs/msg/GripperStat.l, /home/krish/catkin_ws/devel/share/roseus/ros/movo_msgs/msg/GripperStat.l)
Linked: (/home/krish/catkin_ws/devel/.private/movo_msgs/share/roseus/ros/movo_msgs/msg/Configuration.l, /home/krish/catkin_ws/devel/share/roseus/ros/movo_msgs/msg/Configuration.l)
Linked: (/home/krish/catkin_ws/devel/.private/movo_msgs/share/roseus/ros/movo_msgs/msg/Propulsion.l, /home/krish/catkin_ws/devel/share/roseus/ros/movo_msgs/msg/Propulsion.l)
Linked: (/home/krish/catkin_ws/devel/.private/movo_msgs/lib/python3/dist-packages/movo_msgs/__init__.py, /home/krish/catkin_ws/devel/lib/python3/dist-packages/movo_msgs/__init__.py)
Linked: (/home/krish/catkin_ws/devel/.private/movo_msgs/lib/python3/dist-packages/movo_msgs/msg/_Status.py, /home/krish/catkin_ws/devel/lib/python3/dist-packages/movo_msgs/msg/_Status.py)
Linked: (/home/krish/catkin_ws/devel/.private/movo_msgs/lib/python3/dist-packages/movo_msgs/msg/__init__.py, /home/krish/catkin_ws/devel/lib/python3/dist-packages/movo_msgs/msg/__init__.py)
Linked: (/home/krish/catkin_ws/devel/.private/movo_msgs/lib/python3/dist-packages/movo_msgs/msg/_CtlParams.py, /home/krish/catkin_ws/devel/lib/python3/dist-packages/movo_msgs/msg/_CtlParams.py)
Linked: (/home/krish/catkin_ws/devel/.private/movo_msgs/lib/python3/dist-packages/movo_msgs/msg/_LinearActuatorCmd.py, /home/krish/catkin_ws/devel/lib/python3/dist-packages/movo_msgs/msg/_LinearActuatorCmd.py)
Linked: (/home/krish/catkin_ws/devel/.private/movo_msgs/lib/python3/dist-packages/movo_msgs/msg/_GripperStat.py, /home/krish/catkin_ws/devel/lib/python3/dist-packages/movo_msgs/msg/_GripperStat.py)
Linked: (/home/krish/catkin_ws/devel/.private/movo_msgs/lib/python3/dist-packages/movo_msgs/msg/_KinovaActuatorFdbk.py, /home/krish/catkin_ws/devel/lib/python3/dist-packages/movo_msgs/msg/_KinovaActuatorFdbk.py)
Linked: (/home/krish/catkin_ws/devel/.private/movo_msgs/lib/python3/dist-packages/movo_msgs/msg/_JacoStatus.py, /home/krish/catkin_ws/devel/lib/python3/dist-packages/movo_msgs/msg/_JacoStatus.py)
Linked: (/home/krish/catkin_ws/devel/.private/movo_msgs/lib/python3/dist-packages/movo_msgs/msg/_MotionTestCmd.py, /home/krish/catkin_ws/devel/lib/python3/dist-packages/movo_msgs/msg/_MotionTestCmd.py)
Linked: (/home/krish/catkin_ws/devel/.private/movo_msgs/lib/python3/dist-packages/movo_msgs/msg/_Configuration.py, /home/krish/catkin_ws/devel/lib/python3/dist-packages/movo_msgs/msg/_Configuration.py)
Linked: (/home/krish/catkin_ws/devel/.private/movo_msgs/lib/python3/dist-packages/movo_msgs/msg/_GripperCmd.py, /home/krish/catkin_ws/devel/lib/python3/dist-packages/movo_msgs/msg/_GripperCmd.py)
Linked: (/home/krish/catkin_ws/devel/.private/movo_msgs/lib/python3/dist-packages/movo_msgs/msg/_Battery.py, /home/krish/catkin_ws/devel/lib/python3/dist-packages/movo_msgs/msg/_Battery.py)
Linked: (/home/krish/catkin_ws/devel/.private/movo_msgs/lib/python3/dist-packages/movo_msgs/msg/_Dynamics.py, /home/krish/catkin_ws/devel/lib/python3/dist-packages/movo_msgs/msg/_Dynamics.py)
Linked: (/home/krish/catkin_ws/devel/.private/movo_msgs/lib/python3/dist-packages/movo_msgs/msg/_JacoJointCmd.py, /home/krish/catkin_ws/devel/lib/python3/dist-packages/movo_msgs/msg/_JacoJointCmd.py)
Linked: (/home/krish/catkin_ws/devel/.private/movo_msgs/lib/python3/dist-packages/movo_msgs/msg/_ConfigCmd.py, /home/krish/catkin_ws/devel/lib/python3/dist-packages/movo_msgs/msg/_ConfigCmd.py)
Linked: (/home/krish/catkin_ws/devel/.private/movo_msgs/lib/python3/dist-packages/movo_msgs/msg/_PanTiltFdbk.py, /home/krish/catkin_ws/devel/lib/python3/dist-packages/movo_msgs/msg/_PanTiltFdbk.py)
Linked: (/home/krish/catkin_ws/devel/.private/movo_msgs/lib/python3/dist-packages/movo_msgs/msg/_Faultlog.py, /home/krish/catkin_ws/devel/lib/python3/dist-packages/movo_msgs/msg/_Faultlog.py)
Linked: (/home/krish/catkin_ws/devel/.private/movo_msgs/lib/python3/dist-packages/movo_msgs/msg/_PVA.py, /home/krish/catkin_ws/devel/lib/python3/dist-packages/movo_msgs/msg/_PVA.py)
Linked: (/home/krish/catkin_ws/devel/.private/movo_msgs/lib/python3/dist-packages/movo_msgs/msg/_PanTiltActuatorFdbk.py, /home/krish/catkin_ws/devel/lib/python3/dist-packages/movo_msgs/msg/_PanTiltActuatorFdbk.py)
Linked: (/home/krish/catkin_ws/devel/.private/movo_msgs/lib/python3/dist-packages/movo_msgs/msg/_JacoCartesianVelocityCmd.py, /home/krish/catkin_ws/devel/lib/python3/dist-packages/movo_msgs/msg/_JacoCartesianVelocityCmd.py)
Linked: (/home/krish/catkin_ws/devel/.private/movo_msgs/lib/python3/dist-packages/movo_msgs/msg/_Propulsion.py, /home/krish/catkin_ws/devel/lib/python3/dist-packages/movo_msgs/msg/_Propulsion.py)
Linked: (/home/krish/catkin_ws/devel/.private/movo_msgs/lib/python3/dist-packages/movo_msgs/msg/_PanTiltCmd.py, /home/krish/catkin_ws/devel/lib/python3/dist-packages/movo_msgs/msg/_PanTiltCmd.py)
Linked: (/home/krish/catkin_ws/devel/.private/movo_msgs/lib/pkgconfig/movo_msgs.pc, /home/krish/catkin_ws/devel/lib/pkgconfig/movo_msgs.pc)
Linked: (/home/krish/catkin_ws/devel/.private/movo_msgs/include/movo_msgs/MotionTestCmd.h, /home/krish/catkin_ws/devel/include/movo_msgs/MotionTestCmd.h)
Linked: (/home/krish/catkin_ws/devel/.private/movo_msgs/include/movo_msgs/GripperCmd.h, /home/krish/catkin_ws/devel/include/movo_msgs/GripperCmd.h)
Linked: (/home/krish/catkin_ws/devel/.private/movo_msgs/include/movo_msgs/CtlParams.h, /home/krish/catkin_ws/devel/include/movo_msgs/CtlParams.h)
Linked: (/home/krish/catkin_ws/devel/.private/movo_msgs/include/movo_msgs/PanTiltFdbk.h, /home/krish/catkin_ws/devel/include/movo_msgs/PanTiltFdbk.h)
Linked: (/home/krish/catkin_ws/devel/.private/movo_msgs/include/movo_msgs/JacoCartesianVelocityCmd.h, /home/krish/catkin_ws/devel/include/movo_msgs/JacoCartesianVelocityCmd.h)
Linked: (/home/krish/catkin_ws/devel/.private/movo_msgs/include/movo_msgs/Propulsion.h, /home/krish/catkin_ws/devel/include/movo_msgs/Propulsion.h)
Linked: (/home/krish/catkin_ws/devel/.private/movo_msgs/include/movo_msgs/PanTiltCmd.h, /home/krish/catkin_ws/devel/include/movo_msgs/PanTiltCmd.h)
Linked: (/home/krish/catkin_ws/devel/.private/movo_msgs/include/movo_msgs/Status.h, /home/krish/catkin_ws/devel/include/movo_msgs/Status.h)
Linked: (/home/krish/catkin_ws/devel/.private/movo_msgs/include/movo_msgs/KinovaActuatorFdbk.h, /home/krish/catkin_ws/devel/include/movo_msgs/KinovaActuatorFdbk.h)
Linked: (/home/krish/catkin_ws/devel/.private/movo_msgs/include/movo_msgs/ConfigCmd.h, /home/krish/catkin_ws/devel/include/movo_msgs/ConfigCmd.h)
Linked: (/home/krish/catkin_ws/devel/.private/movo_msgs/include/movo_msgs/JacoJointCmd.h, /home/krish/catkin_ws/devel/include/movo_msgs/JacoJointCmd.h)
Linked: (/home/krish/catkin_ws/devel/.private/movo_msgs/include/movo_msgs/LinearActuatorCmd.h, /home/krish/catkin_ws/devel/include/movo_msgs/LinearActuatorCmd.h)
Linked: (/home/krish/catkin_ws/devel/.private/movo_msgs/include/movo_msgs/PVA.h, /home/krish/catkin_ws/devel/include/movo_msgs/PVA.h)
Linked: (/home/krish/catkin_ws/devel/.private/movo_msgs/include/movo_msgs/Faultlog.h, /home/krish/catkin_ws/devel/include/movo_msgs/Faultlog.h)
Linked: (/home/krish/catkin_ws/devel/.private/movo_msgs/include/movo_msgs/GripperStat.h, /home/krish/catkin_ws/devel/include/movo_msgs/GripperStat.h)
Linked: (/home/krish/catkin_ws/devel/.private/movo_msgs/include/movo_msgs/Dynamics.h, /home/krish/catkin_ws/devel/include/movo_msgs/Dynamics.h)
Linked: (/home/krish/catkin_ws/devel/.private/movo_msgs/include/movo_msgs/Battery.h, /home/krish/catkin_ws/devel/include/movo_msgs/Battery.h)
Linked: (/home/krish/catkin_ws/devel/.private/movo_msgs/include/movo_msgs/PanTiltActuatorFdbk.h, /home/krish/catkin_ws/devel/include/movo_msgs/PanTiltActuatorFdbk.h)
Linked: (/home/krish/catkin_ws/devel/.private/movo_msgs/include/movo_msgs/Configuration.h, /home/krish/catkin_ws/devel/include/movo_msgs/Configuration.h)
Linked: (/home/krish/catkin_ws/devel/.private/movo_msgs/include/movo_msgs/JacoStatus.h, /home/krish/catkin_ws/devel/include/movo_msgs/JacoStatus.h)
