[  0%] Built target _movo_msgs_generate_messages_check_deps_JacoStatus
[  0%] Built target _movo_msgs_generate_messages_check_deps_PanTiltActuatorFdbk
[  0%] Built target _movo_msgs_generate_messages_check_deps_GripperStat
[  0%] Built target geometry_msgs_generate_messages_lisp
[  0%] Built target _movo_msgs_generate_messages_check_deps_Configuration
[  0%] Built target _movo_msgs_generate_messages_check_deps_Status
[  0%] Built target _movo_msgs_generate_messages_check_deps_KinovaActuatorFdbk
[  0%] Built target _movo_msgs_generate_messages_check_deps_JacoCartesianVelocityCmd
[  0%] Built target std_msgs_generate_messages_lisp
[  0%] Built target _movo_msgs_generate_messages_check_deps_CtlParams
[  0%] Built target _movo_msgs_generate_messages_check_deps_PanTiltFdbk
[  0%] Built target _movo_msgs_generate_messages_check_deps_PVA
[  0%] Built target _movo_msgs_generate_messages_check_deps_GripperCmd
[  0%] Built target _movo_msgs_generate_messages_check_deps_Battery
[  0%] Built target _movo_msgs_generate_messages_check_deps_Dynamics
[  0%] Built target _movo_msgs_generate_messages_check_deps_ConfigCmd
[  0%] Built target _movo_msgs_generate_messages_check_deps_PanTiltCmd
[  0%] Built target _movo_msgs_generate_messages_check_deps_Propulsion
[  0%] Built target _movo_msgs_generate_messages_check_deps_MotionTestCmd
[  0%] Built target _movo_msgs_generate_messages_check_deps_Faultlog
[  0%] Built target std_msgs_generate_messages_eus
[  0%] Built target _movo_msgs_generate_messages_check_deps_JacoJointCmd
[  0%] Built target geometry_msgs_generate_messages_eus
[  0%] Built target geometry_msgs_generate_messages_nodejs
[  0%] Built target std_msgs_generate_messages_nodejs
[  0%] Built target _movo_msgs_generate_messages_check_deps_LinearActuatorCmd
[  0%] Built target std_msgs_generate_messages_cpp
[  0%] Built target geometry_msgs_generate_messages_cpp
[  0%] Built target std_msgs_generate_messages_py
[  0%] Built target geometry_msgs_generate_messages_py
[ 19%] Built target movo_msgs_generate_messages_lisp
[ 39%] Built target movo_msgs_generate_messages_eus
[ 74%] Built target movo_msgs_generate_messages_nodejs
[ 78%] Built target movo_msgs_generate_messages_cpp
[100%] Built target movo_msgs_generate_messages_py
[100%] Built target movo_msgs_generate_messages
