Symlinking /home/krish/catkin_ws/devel/share/movo_msgs/cmake/movo_msgs-msg-paths.cmake
Symlinking /home/krish/catkin_ws/devel/share/movo_msgs/cmake/movo_msgsConfig.cmake
Symlinking /home/krish/catkin_ws/devel/share/movo_msgs/cmake/movo_msgs-msg-extras.cmake
Symlinking /home/krish/catkin_ws/devel/share/movo_msgs/cmake/movo_msgsConfig-version.cmake
Symlinking /home/krish/catkin_ws/devel/share/gennodejs/ros/movo_msgs/_index.js
Symlinking /home/krish/catkin_ws/devel/share/gennodejs/ros/movo_msgs/msg/GripperStat.js
Symlinking /home/krish/catkin_ws/devel/share/gennodejs/ros/movo_msgs/msg/MotionTestCmd.js
Symlinking /home/krish/catkin_ws/devel/share/gennodejs/ros/movo_msgs/msg/ConfigCmd.js
Symlinking /home/krish/catkin_ws/devel/share/gennodejs/ros/movo_msgs/msg/LinearActuatorCmd.js
Symlinking /home/krish/catkin_ws/devel/share/gennodejs/ros/movo_msgs/msg/Battery.js
Symlinking /home/krish/catkin_ws/devel/share/gennodejs/ros/movo_msgs/msg/Faultlog.js
Symlinking /home/krish/catkin_ws/devel/share/gennodejs/ros/movo_msgs/msg/Propulsion.js
Symlinking /home/krish/catkin_ws/devel/share/gennodejs/ros/movo_msgs/msg/JacoStatus.js
Symlinking /home/krish/catkin_ws/devel/share/gennodejs/ros/movo_msgs/msg/CtlParams.js
Symlinking /home/krish/catkin_ws/devel/share/gennodejs/ros/movo_msgs/msg/Configuration.js
Symlinking /home/krish/catkin_ws/devel/share/gennodejs/ros/movo_msgs/msg/PanTiltActuatorFdbk.js
Symlinking /home/krish/catkin_ws/devel/share/gennodejs/ros/movo_msgs/msg/PVA.js
Symlinking /home/krish/catkin_ws/devel/share/gennodejs/ros/movo_msgs/msg/Dynamics.js
Symlinking /home/krish/catkin_ws/devel/share/gennodejs/ros/movo_msgs/msg/GripperCmd.js
Symlinking /home/krish/catkin_ws/devel/share/gennodejs/ros/movo_msgs/msg/Status.js
Symlinking /home/krish/catkin_ws/devel/share/gennodejs/ros/movo_msgs/msg/JacoCartesianVelocityCmd.js
Symlinking /home/krish/catkin_ws/devel/share/gennodejs/ros/movo_msgs/msg/KinovaActuatorFdbk.js
Symlinking /home/krish/catkin_ws/devel/share/gennodejs/ros/movo_msgs/msg/_index.js
Symlinking /home/krish/catkin_ws/devel/share/gennodejs/ros/movo_msgs/msg/PanTiltFdbk.js
Symlinking /home/krish/catkin_ws/devel/share/gennodejs/ros/movo_msgs/msg/JacoJointCmd.js
Symlinking /home/krish/catkin_ws/devel/share/gennodejs/ros/movo_msgs/msg/PanTiltCmd.js
Symlinking /home/krish/catkin_ws/devel/share/common-lisp/ros/movo_msgs/msg/_package_JacoJointCmd.lisp
Symlinking /home/krish/catkin_ws/devel/share/common-lisp/ros/movo_msgs/msg/PanTiltFdbk.lisp
Symlinking /home/krish/catkin_ws/devel/share/common-lisp/ros/movo_msgs/msg/_package_PVA.lisp
Symlinking /home/krish/catkin_ws/devel/share/common-lisp/ros/movo_msgs/msg/_package_Configuration.lisp
Symlinking /home/krish/catkin_ws/devel/share/common-lisp/ros/movo_msgs/msg/Configuration.lisp
Symlinking /home/krish/catkin_ws/devel/share/common-lisp/ros/movo_msgs/msg/_package_Propulsion.lisp
Symlinking /home/krish/catkin_ws/devel/share/common-lisp/ros/movo_msgs/msg/_package_ConfigCmd.lisp
Symlinking /home/krish/catkin_ws/devel/share/common-lisp/ros/movo_msgs/msg/MotionTestCmd.lisp
Symlinking /home/krish/catkin_ws/devel/share/common-lisp/ros/movo_msgs/msg/GripperStat.lisp
Symlinking /home/krish/catkin_ws/devel/share/common-lisp/ros/movo_msgs/msg/movo_msgs-msg.asd
Symlinking /home/krish/catkin_ws/devel/share/common-lisp/ros/movo_msgs/msg/_package_Faultlog.lisp
Symlinking /home/krish/catkin_ws/devel/share/common-lisp/ros/movo_msgs/msg/_package_CtlParams.lisp
Symlinking /home/krish/catkin_ws/devel/share/common-lisp/ros/movo_msgs/msg/JacoCartesianVelocityCmd.lisp
Symlinking /home/krish/catkin_ws/devel/share/common-lisp/ros/movo_msgs/msg/_package_Dynamics.lisp
Symlinking /home/krish/catkin_ws/devel/share/common-lisp/ros/movo_msgs/msg/Status.lisp
Symlinking /home/krish/catkin_ws/devel/share/common-lisp/ros/movo_msgs/msg/ConfigCmd.lisp
Symlinking /home/krish/catkin_ws/devel/share/common-lisp/ros/movo_msgs/msg/Faultlog.lisp
Symlinking /home/krish/catkin_ws/devel/share/common-lisp/ros/movo_msgs/msg/_package_GripperStat.lisp
Symlinking /home/krish/catkin_ws/devel/share/common-lisp/ros/movo_msgs/msg/_package_GripperCmd.lisp
Symlinking /home/krish/catkin_ws/devel/share/common-lisp/ros/movo_msgs/msg/PVA.lisp
Symlinking /home/krish/catkin_ws/devel/share/common-lisp/ros/movo_msgs/msg/KinovaActuatorFdbk.lisp
Symlinking /home/krish/catkin_ws/devel/share/common-lisp/ros/movo_msgs/msg/_package_MotionTestCmd.lisp
Symlinking /home/krish/catkin_ws/devel/share/common-lisp/ros/movo_msgs/msg/_package_LinearActuatorCmd.lisp
Symlinking /home/krish/catkin_ws/devel/share/common-lisp/ros/movo_msgs/msg/_package_PanTiltActuatorFdbk.lisp
Symlinking /home/krish/catkin_ws/devel/share/common-lisp/ros/movo_msgs/msg/_package_KinovaActuatorFdbk.lisp
Symlinking /home/krish/catkin_ws/devel/share/common-lisp/ros/movo_msgs/msg/CtlParams.lisp
Symlinking /home/krish/catkin_ws/devel/share/common-lisp/ros/movo_msgs/msg/PanTiltActuatorFdbk.lisp
Symlinking /home/krish/catkin_ws/devel/share/common-lisp/ros/movo_msgs/msg/Propulsion.lisp
Symlinking /home/krish/catkin_ws/devel/share/common-lisp/ros/movo_msgs/msg/_package_Battery.lisp
Symlinking /home/krish/catkin_ws/devel/share/common-lisp/ros/movo_msgs/msg/PanTiltCmd.lisp
Symlinking /home/krish/catkin_ws/devel/share/common-lisp/ros/movo_msgs/msg/_package_PanTiltCmd.lisp
Symlinking /home/krish/catkin_ws/devel/share/common-lisp/ros/movo_msgs/msg/Dynamics.lisp
Symlinking /home/krish/catkin_ws/devel/share/common-lisp/ros/movo_msgs/msg/Battery.lisp
Symlinking /home/krish/catkin_ws/devel/share/common-lisp/ros/movo_msgs/msg/JacoJointCmd.lisp
Symlinking /home/krish/catkin_ws/devel/share/common-lisp/ros/movo_msgs/msg/_package_JacoStatus.lisp
Symlinking /home/krish/catkin_ws/devel/share/common-lisp/ros/movo_msgs/msg/_package_PanTiltFdbk.lisp
Symlinking /home/krish/catkin_ws/devel/share/common-lisp/ros/movo_msgs/msg/_package_Status.lisp
Symlinking /home/krish/catkin_ws/devel/share/common-lisp/ros/movo_msgs/msg/_package.lisp
Symlinking /home/krish/catkin_ws/devel/share/common-lisp/ros/movo_msgs/msg/JacoStatus.lisp
Symlinking /home/krish/catkin_ws/devel/share/common-lisp/ros/movo_msgs/msg/LinearActuatorCmd.lisp
Symlinking /home/krish/catkin_ws/devel/share/common-lisp/ros/movo_msgs/msg/GripperCmd.lisp
Symlinking /home/krish/catkin_ws/devel/share/common-lisp/ros/movo_msgs/msg/_package_JacoCartesianVelocityCmd.lisp
Symlinking /home/krish/catkin_ws/devel/share/roseus/ros/movo_msgs/manifest.l
Symlinking /home/krish/catkin_ws/devel/share/roseus/ros/movo_msgs/msg/PanTiltCmd.l
Symlinking /home/krish/catkin_ws/devel/share/roseus/ros/movo_msgs/msg/Battery.l
Symlinking /home/krish/catkin_ws/devel/share/roseus/ros/movo_msgs/msg/CtlParams.l
Symlinking /home/krish/catkin_ws/devel/share/roseus/ros/movo_msgs/msg/PVA.l
Symlinking /home/krish/catkin_ws/devel/share/roseus/ros/movo_msgs/msg/Dynamics.l
Symlinking /home/krish/catkin_ws/devel/share/roseus/ros/movo_msgs/msg/ConfigCmd.l
Symlinking /home/krish/catkin_ws/devel/share/roseus/ros/movo_msgs/msg/Faultlog.l
Symlinking /home/krish/catkin_ws/devel/share/roseus/ros/movo_msgs/msg/KinovaActuatorFdbk.l
Symlinking /home/krish/catkin_ws/devel/share/roseus/ros/movo_msgs/msg/PanTiltFdbk.l
Symlinking /home/krish/catkin_ws/devel/share/roseus/ros/movo_msgs/msg/Status.l
Symlinking /home/krish/catkin_ws/devel/share/roseus/ros/movo_msgs/msg/GripperCmd.l
Symlinking /home/krish/catkin_ws/devel/share/roseus/ros/movo_msgs/msg/JacoStatus.l
Symlinking /home/krish/catkin_ws/devel/share/roseus/ros/movo_msgs/msg/LinearActuatorCmd.l
Symlinking /home/krish/catkin_ws/devel/share/roseus/ros/movo_msgs/msg/MotionTestCmd.l
Symlinking /home/krish/catkin_ws/devel/share/roseus/ros/movo_msgs/msg/JacoJointCmd.l
Symlinking /home/krish/catkin_ws/devel/share/roseus/ros/movo_msgs/msg/JacoCartesianVelocityCmd.l
Symlinking /home/krish/catkin_ws/devel/share/roseus/ros/movo_msgs/msg/PanTiltActuatorFdbk.l
Symlinking /home/krish/catkin_ws/devel/share/roseus/ros/movo_msgs/msg/GripperStat.l
Symlinking /home/krish/catkin_ws/devel/share/roseus/ros/movo_msgs/msg/Configuration.l
Symlinking /home/krish/catkin_ws/devel/share/roseus/ros/movo_msgs/msg/Propulsion.l
Symlinking /home/krish/catkin_ws/devel/lib/python3/dist-packages/movo_msgs/__init__.py
Symlinking /home/krish/catkin_ws/devel/lib/python3/dist-packages/movo_msgs/msg/_Status.py
Symlinking /home/krish/catkin_ws/devel/lib/python3/dist-packages/movo_msgs/msg/__init__.py
Symlinking /home/krish/catkin_ws/devel/lib/python3/dist-packages/movo_msgs/msg/_CtlParams.py
Symlinking /home/krish/catkin_ws/devel/lib/python3/dist-packages/movo_msgs/msg/_LinearActuatorCmd.py
Symlinking /home/krish/catkin_ws/devel/lib/python3/dist-packages/movo_msgs/msg/_GripperStat.py
Symlinking /home/krish/catkin_ws/devel/lib/python3/dist-packages/movo_msgs/msg/_KinovaActuatorFdbk.py
Symlinking /home/krish/catkin_ws/devel/lib/python3/dist-packages/movo_msgs/msg/_JacoStatus.py
Symlinking /home/krish/catkin_ws/devel/lib/python3/dist-packages/movo_msgs/msg/_MotionTestCmd.py
Symlinking /home/krish/catkin_ws/devel/lib/python3/dist-packages/movo_msgs/msg/_Configuration.py
Symlinking /home/krish/catkin_ws/devel/lib/python3/dist-packages/movo_msgs/msg/_GripperCmd.py
Symlinking /home/krish/catkin_ws/devel/lib/python3/dist-packages/movo_msgs/msg/_Battery.py
Symlinking /home/krish/catkin_ws/devel/lib/python3/dist-packages/movo_msgs/msg/_Dynamics.py
Symlinking /home/krish/catkin_ws/devel/lib/python3/dist-packages/movo_msgs/msg/_JacoJointCmd.py
Symlinking /home/krish/catkin_ws/devel/lib/python3/dist-packages/movo_msgs/msg/_ConfigCmd.py
Symlinking /home/krish/catkin_ws/devel/lib/python3/dist-packages/movo_msgs/msg/_PanTiltFdbk.py
Symlinking /home/krish/catkin_ws/devel/lib/python3/dist-packages/movo_msgs/msg/_Faultlog.py
Symlinking /home/krish/catkin_ws/devel/lib/python3/dist-packages/movo_msgs/msg/_PVA.py
Symlinking /home/krish/catkin_ws/devel/lib/python3/dist-packages/movo_msgs/msg/_PanTiltActuatorFdbk.py
Symlinking /home/krish/catkin_ws/devel/lib/python3/dist-packages/movo_msgs/msg/_JacoCartesianVelocityCmd.py
Symlinking /home/krish/catkin_ws/devel/lib/python3/dist-packages/movo_msgs/msg/_Propulsion.py
Symlinking /home/krish/catkin_ws/devel/lib/python3/dist-packages/movo_msgs/msg/_PanTiltCmd.py
Symlinking /home/krish/catkin_ws/devel/lib/pkgconfig/movo_msgs.pc
Symlinking /home/krish/catkin_ws/devel/include/movo_msgs/MotionTestCmd.h
Symlinking /home/krish/catkin_ws/devel/include/movo_msgs/GripperCmd.h
Symlinking /home/krish/catkin_ws/devel/include/movo_msgs/CtlParams.h
Symlinking /home/krish/catkin_ws/devel/include/movo_msgs/PanTiltFdbk.h
Symlinking /home/krish/catkin_ws/devel/include/movo_msgs/JacoCartesianVelocityCmd.h
Symlinking /home/krish/catkin_ws/devel/include/movo_msgs/Propulsion.h
Symlinking /home/krish/catkin_ws/devel/include/movo_msgs/PanTiltCmd.h
Symlinking /home/krish/catkin_ws/devel/include/movo_msgs/Status.h
Symlinking /home/krish/catkin_ws/devel/include/movo_msgs/KinovaActuatorFdbk.h
Symlinking /home/krish/catkin_ws/devel/include/movo_msgs/ConfigCmd.h
Symlinking /home/krish/catkin_ws/devel/include/movo_msgs/JacoJointCmd.h
Symlinking /home/krish/catkin_ws/devel/include/movo_msgs/LinearActuatorCmd.h
Symlinking /home/krish/catkin_ws/devel/include/movo_msgs/PVA.h
Symlinking /home/krish/catkin_ws/devel/include/movo_msgs/Faultlog.h
Symlinking /home/krish/catkin_ws/devel/include/movo_msgs/GripperStat.h
Symlinking /home/krish/catkin_ws/devel/include/movo_msgs/Dynamics.h
Symlinking /home/krish/catkin_ws/devel/include/movo_msgs/Battery.h
Symlinking /home/krish/catkin_ws/devel/include/movo_msgs/PanTiltActuatorFdbk.h
Symlinking /home/krish/catkin_ws/devel/include/movo_msgs/Configuration.h
Symlinking /home/krish/catkin_ws/devel/include/movo_msgs/JacoStatus.h
